git config --global user.name "derek.tian"
git config --global user.email "807380254@qq.com"
git init--
git add--
git commit--
git status--
git log
git diff
git reset --hard commit_id--rollback the repo commit_id=(commit_id,HEAD^,HEAD^^...,HEAD~100)
git reflog
/*
场景1：当你改乱了工作区某个文件的内容，想直接丢弃工作区的修改时，用命令git checkout -- file。

场景2：当你不但改乱了工作区某个文件的内容，还添加到了暂存区时，想丢弃修改，分两步，第一步用命令git reset HEAD file，就回到了场景1，第二步按场景1操作。
*/

git rm 
git checkout -- test.txt //迁出版本库中的文件到工作去

/*
$ ssh-keygen -t rsa -C "youremail@example.com" //建立自己的ssh公钥私钥
//将.ssh下的id_rsa.pub内容添加到自己github账号的sshkey集合中
$ git remote add origin git@github.com:michaelliao/learngit.git //关联github远程库origin
$ git push -u origin master //将本地的master分支推送到origin

git clone git@github.com:tb12315/learngit.git//将github远程资源库clone到本地 
*/

git rm

查看分支：git branch

创建分支：git branch <name>

切换分支：git checkout <name>

创建+切换分支：git checkout -b <name>

合并某分支到当前分支：git merge <name>

删除分支：git branch -d <name>

/*
$ git merge --no-ff -m "merge with no-ff" dev
Git分支十分强大，在团队开发中应该充分应用。

合并分支时，加上--no-ff参数就可以用普通模式合并，合并后的历史有分支，能看出来曾经做过合并，而fast forward合并就看不出来曾经做过合并
*/

git stash//将当前对工作区的改变储藏起来，并恢复当前分支为未修改前的状况
git stash apply;git stash drop ==git stash pop
git stash list
